[ 2017-05-05T12:22:04+08:00 ] ::1 /shangcheng/index.php?g=Admin&m=mailer&a=index_post
INFO: [ app_begin ] --START--
INFO: Run Behavior\ReadHtmlCacheBehavior [ RunTime:0.000683s ]
INFO: Run Behavior\CheckLangBehavior [ RunTime:0.002108s ]
INFO: Run Common\Behavior\UrldecodeGetBehavior [ RunTime:0.000597s ]
INFO: [ app_begin ] --END-- [ RunTime:0.004337s ]
INFO: [ admin_begin ] --START--
INFO: Run Common\Behavior\AdminDefaultLangBehavior [ RunTime:0.002523s ]
INFO: [ admin_begin ] --END-- [ RunTime:0.002563s ]
SQL: SHOW COLUMNS FROM `shop_users` [ RunTime:0.0059s ]
SQL: SELECT * FROM `shop_users` WHERE `id` = '1' LIMIT 1   [ RunTime:0.0004s ]

[ 2017-05-05T12:22:25+08:00 ] ::1 /shangcheng/index.php?g=Admin&m=mailer&a=test
INFO: [ app_begin ] --START--
INFO: Run Behavior\ReadHtmlCacheBehavior [ RunTime:0.000724s ]
INFO: Run Behavior\CheckLangBehavior [ RunTime:0.002046s ]
INFO: Run Common\Behavior\UrldecodeGetBehavior [ RunTime:0.000609s ]
INFO: [ app_begin ] --END-- [ RunTime:0.004084s ]
INFO: [ admin_begin ] --START--
INFO: Run Common\Behavior\AdminDefaultLangBehavior [ RunTime:0.003168s ]
INFO: [ admin_begin ] --END-- [ RunTime:0.003231s ]
SQL: SHOW COLUMNS FROM `shop_users` [ RunTime:0.0051s ]
SQL: SELECT * FROM `shop_users` WHERE `id` = '1' LIMIT 1   [ RunTime:0.0003s ]
NOTIC: [2] in_array() expects parameter 2 to be array, boolean given D:\phpStudy\WWW\shangcheng\simplewind\Core\Library\Think\Model.class.php 第 1055 行.
NOTIC: [2] in_array() expects parameter 2 to be array, boolean given D:\phpStudy\WWW\shangcheng\simplewind\Core\Library\Think\Model.class.php 第 1055 行.
NOTIC: [2] in_array() expects parameter 2 to be array, boolean given D:\phpStudy\WWW\shangcheng\simplewind\Core\Library\Think\Model.class.php 第 1055 行.
NOTIC: [8] Undefined index: auto D:\phpStudy\WWW\shangcheng\simplewind\Core\Library\Think\Model.class.php 第 1128 行.

[ 2017-05-05T13:04:29+08:00 ] ::1 /shangcheng/index.php?g=Admin&m=Menu&a=index
NOTIC: D方法实例化没找到模型类Common\Model\AuthRuleModel

[ 2017-05-05T13:05:08+08:00 ] ::1 /shangcheng/index.php?g=Admin&m=menu&a=add
NOTIC: D方法实例化没找到模型类Common\Model\AuthRuleModel

[ 2017-05-05T13:07:48+08:00 ] ::1 /shangcheng/index.php?g=Admin&m=Menu&a=add_post
INFO: [ app_begin ] --START--
INFO: Run Behavior\ReadHtmlCacheBehavior [ RunTime:0.001015s ]
INFO: Run Behavior\CheckLangBehavior [ RunTime:0.002553s ]
INFO: Run Common\Behavior\UrldecodeGetBehavior [ RunTime:0.000592s ]
INFO: [ app_begin ] --END-- [ RunTime:0.005274s ]
INFO: [ admin_begin ] --START--
INFO: Run Common\Behavior\AdminDefaultLangBehavior [ RunTime:0.002378s ]
INFO: [ admin_begin ] --END-- [ RunTime:0.002428s ]
SQL: SHOW COLUMNS FROM `shop_users` [ RunTime:0.0052s ]
SQL: SELECT * FROM `shop_users` WHERE `id` = '1' LIMIT 1   [ RunTime:0.0007s ]
SQL: SHOW COLUMNS FROM `shop_menu` [ RunTime:0.0055s ]
NOTIC: D方法实例化没找到模型类Common\Model\AuthRuleModel
SQL: SHOW COLUMNS FROM `shop_auth_rule` [ RunTime:0.0054s ]
NOTIC: [8] Undefined index: validate D:\phpStudy\WWW\shangcheng\simplewind\Core\Library\Think\Model.class.php 第 1185 行.
SQL: SELECT * FROM `shop_menu` WHERE `app` = 'Admin' AND `model` = 'Qindex' AND `action` = 'index' LIMIT 1   [ RunTime:0.0004s ]
SQL: SELECT `parentid` FROM `shop_menu` WHERE `id` = 0 LIMIT 1   [ RunTime:0.0003s ]
NOTIC: [8] Undefined index: auto D:\phpStudy\WWW\shangcheng\simplewind\Core\Library\Think\Model.class.php 第 1128 行.
SQL: INSERT INTO `shop_menu` (`parentid`,`name`,`app`,`model`,`action`,`data`,`icon`,`remark`,`status`,`type`) VALUES ('0','订单','Admin','Qindex','index','','','','1','1') [ RunTime:0.0004s ]
SQL: SELECT COUNT(*) AS tp_count FROM `shop_auth_rule` WHERE `name` = 'admin/qindex/index' LIMIT 1   [ RunTime:0.0342s ]
SQL: INSERT INTO `shop_auth_rule` (`name`,`module`,`type`,`title`) VALUES ('admin/qindex/index','Admin','admin_url','订单') [ RunTime:0.0003s ]
SQL: SELECT * FROM `shop_menu` WHERE `app` = 'Admin' ORDER BY `listorder` ASC,`app` ASC,`model` ASC,`action` ASC  [ RunTime:0.0011s ]

[ 2017-05-05T13:07:49+08:00 ] ::1 /shangcheng/index.php?g=Admin&m=Menu&a=index
NOTIC: D方法实例化没找到模型类Common\Model\AuthRuleModel

[ 2017-05-05T13:08:35+08:00 ] ::1 /shangcheng/index.php?g=Admin&m=menu&a=add
NOTIC: D方法实例化没找到模型类Common\Model\AuthRuleModel

[ 2017-05-05T13:08:38+08:00 ] ::1 /shangcheng/index.php?g=Admin&m=menu&a=index
NOTIC: D方法实例化没找到模型类Common\Model\AuthRuleModel

[ 2017-05-05T13:08:42+08:00 ] ::1 /shangcheng/index.php?g=Admin&m=Menu&a=edit&id=187&menuid=
NOTIC: D方法实例化没找到模型类Common\Model\AuthRuleModel

[ 2017-05-05T13:08:50+08:00 ] ::1 /shangcheng/index.php?g=Admin&m=Menu&a=edit_post
INFO: [ app_begin ] --START--
INFO: Run Behavior\ReadHtmlCacheBehavior [ RunTime:0.001469s ]
INFO: Run Behavior\CheckLangBehavior [ RunTime:0.004291s ]
INFO: Run Common\Behavior\UrldecodeGetBehavior [ RunTime:0.000542s ]
INFO: [ app_begin ] --END-- [ RunTime:0.008535s ]
INFO: [ admin_begin ] --START--
INFO: Run Common\Behavior\AdminDefaultLangBehavior [ RunTime:0.002056s ]
INFO: [ admin_begin ] --END-- [ RunTime:0.002094s ]
SQL: SHOW COLUMNS FROM `shop_users` [ RunTime:0.0050s ]
SQL: SELECT * FROM `shop_users` WHERE `id` = '1' LIMIT 1   [ RunTime:0.0003s ]
SQL: SHOW COLUMNS FROM `shop_menu` [ RunTime:0.0054s ]
NOTIC: D方法实例化没找到模型类Common\Model\AuthRuleModel
SQL: SHOW COLUMNS FROM `shop_auth_rule` [ RunTime:0.0053s ]
SQL: SELECT * FROM `shop_menu` WHERE `id` = 187 LIMIT 1   [ RunTime:0.0003s ]
NOTIC: [8] Undefined index: validate D:\phpStudy\WWW\shangcheng\simplewind\Core\Library\Think\Model.class.php 第 1185 行.
SQL: SELECT `id` FROM `shop_menu` WHERE `app` = 'Admin' AND `model` = 'Qindex' AND `action` = 'index' LIMIT 1   [ RunTime:0.0003s ]
NOTIC: [8] Undefined index: auto D:\phpStudy\WWW\shangcheng\simplewind\Core\Library\Think\Model.class.php 第 1128 行.
SQL: UPDATE `shop_menu` SET `parentid`='0',`name`='订单',`app`='Admin',`model`='Qindex',`action`='index',`data`='',`icon`='delicious',`remark`='',`status`='1',`type`='1' WHERE `id` = 187 [ RunTime:0.0005s ]
SQL: SELECT COUNT(*) AS tp_count FROM `shop_auth_rule` WHERE `name` = 'admin/qindex/index' LIMIT 1   [ RunTime:0.0003s ]
SQL: UPDATE `shop_auth_rule` SET `name`='admin/qindex/index',`module`='Admin',`type`='admin_url',`title`='订单' WHERE `name` = 'admin/qindex/index' [ RunTime:0.0012s ]
SQL: SELECT * FROM `shop_menu` WHERE `app` = 'Admin' ORDER BY `listorder` ASC,`app` ASC,`model` ASC,`action` ASC  [ RunTime:0.0012s ]
NOTIC: [2] mkdir(): File exists D:\phpStudy\WWW\shangcheng\application\Admin\Controller\MenuController.class.php 第 247 行.

[ 2017-05-05T13:08:51+08:00 ] ::1 /shangcheng/index.php?g=Admin&m=Menu&a=edit&id=187&menuid=
NOTIC: D方法实例化没找到模型类Common\Model\AuthRuleModel

[ 2017-05-05T13:08:56+08:00 ] ::1 /shangcheng/index.php?g=Admin&m=Qindex&a=index
ERR: 无法加载控制器:Qindex

[ 2017-05-05T13:11:08+08:00 ] ::1 /shangcheng/index.php?g=Admin&m=Qindex&a=index
ERR: 无法加载控制器:Qindex

[ 2017-05-05T13:12:52+08:00 ] ::1 /shangcheng/index.php?g=Admin&m=Qindex&a=index
ERR: 无法加载控制器:Qindex

[ 2017-05-05T13:12:56+08:00 ] ::1 /shangcheng/index.php?g=Admin&m=Qindex&a=index
ERR: 无法加载控制器:Qindex

[ 2017-05-05T13:12:56+08:00 ] ::1 /shangcheng/index.php?g=Admin&m=Qindex&a=index
ERR: 无法加载控制器:Qindex

[ 2017-05-05T14:35:24+08:00 ] ::1 /shangcheng/index.php?g=Admin&m=User&a=userinfo_post
INFO: [ app_begin ] --START--
INFO: Run Behavior\ReadHtmlCacheBehavior [ RunTime:0.000628s ]
INFO: Run Behavior\CheckLangBehavior [ RunTime:0.002341s ]
INFO: Run Common\Behavior\UrldecodeGetBehavior [ RunTime:0.000507s ]
INFO: [ app_begin ] --END-- [ RunTime:0.004149s ]
INFO: [ admin_begin ] --START--
INFO: Run Common\Behavior\AdminDefaultLangBehavior [ RunTime:0.005930s ]
INFO: [ admin_begin ] --END-- [ RunTime:0.005999s ]
SQL: SHOW COLUMNS FROM `shop_users` [ RunTime:0.0057s ]
SQL: SELECT * FROM `shop_users` WHERE `id` = '1' LIMIT 1   [ RunTime:0.0003s ]
SQL: SHOW COLUMNS FROM `shop_users` [ RunTime:0.0053s ]
SQL: SHOW COLUMNS FROM `shop_role` [ RunTime:0.0053s ]
NOTIC: [8] Undefined index: validate D:\phpStudy\WWW\shangcheng\simplewind\Core\Library\Think\Model.class.php 第 1185 行.
NOTIC: [8] Undefined index: auto D:\phpStudy\WWW\shangcheng\simplewind\Core\Library\Think\Model.class.php 第 1128 行.
SQL: UPDATE `shop_users` SET `user_nicename`='admin',`sex`='0',`birthday`='2000-01-01',`user_url`='www.lcbbc.com',`signature`='' WHERE `id` = '1' [ RunTime:0.0004s ]

[ 2017-05-05T14:35:42+08:00 ] ::1 /shangcheng/index.php?g=Admin&m=Menu&a=index
NOTIC: D方法实例化没找到模型类Common\Model\AuthRuleModel

[ 2017-05-05T14:35:49+08:00 ] ::1 /shangcheng/index.php?g=Admin&m=Menu&a=edit&id=39&menuid=
NOTIC: D方法实例化没找到模型类Common\Model\AuthRuleModel

[ 2017-05-05T14:35:53+08:00 ] ::1 /shangcheng/index.php?g=Admin&m=Menu&a=edit_post
INFO: [ app_begin ] --START--
INFO: Run Behavior\ReadHtmlCacheBehavior [ RunTime:0.000590s ]
INFO: Run Behavior\CheckLangBehavior [ RunTime:0.001848s ]
INFO: Run Common\Behavior\UrldecodeGetBehavior [ RunTime:0.000489s ]
INFO: [ app_begin ] --END-- [ RunTime:0.003586s ]
INFO: [ admin_begin ] --START--
INFO: Run Common\Behavior\AdminDefaultLangBehavior [ RunTime:0.002274s ]
INFO: [ admin_begin ] --END-- [ RunTime:0.002315s ]
SQL: SHOW COLUMNS FROM `shop_users` [ RunTime:0.0055s ]
SQL: SELECT * FROM `shop_users` WHERE `id` = '1' LIMIT 1   [ RunTime:0.0003s ]
SQL: SHOW COLUMNS FROM `shop_menu` [ RunTime:0.0077s ]
NOTIC: D方法实例化没找到模型类Common\Model\AuthRuleModel
SQL: SHOW COLUMNS FROM `shop_auth_rule` [ RunTime:0.0055s ]
SQL: SELECT * FROM `shop_menu` WHERE `id` = 39 LIMIT 1   [ RunTime:0.0003s ]
NOTIC: [8] Undefined index: validate D:\phpStudy\WWW\shangcheng\simplewind\Core\Library\Think\Model.class.php 第 1185 行.
SQL: SELECT `id` FROM `shop_menu` WHERE `app` = 'Admin' AND `model` = 'Extension' AND `action` = 'default' LIMIT 1   [ RunTime:0.0003s ]
NOTIC: [8] Undefined index: auto D:\phpStudy\WWW\shangcheng\simplewind\Core\Library\Think\Model.class.php 第 1128 行.
SQL: UPDATE `shop_menu` SET `parentid`='0',`name`='扩展工具',`app`='Admin',`model`='Extension',`action`='default',`data`='',`icon`='cloud',`remark`='',`status`='0',`type`='0' WHERE `id` = 39 [ RunTime:0.0004s ]
SQL: SELECT COUNT(*) AS tp_count FROM `shop_auth_rule` WHERE `name` = 'admin/extension/default' LIMIT 1   [ RunTime:0.0247s ]
SQL: UPDATE `shop_auth_rule` SET `name`='admin/extension/default',`module`='Admin',`type`='admin_url',`title`='扩展工具' WHERE `name` = 'admin/extension/default' [ RunTime:0.0009s ]
SQL: SELECT * FROM `shop_menu` WHERE `app` = 'Admin' ORDER BY `listorder` ASC,`app` ASC,`model` ASC,`action` ASC  [ RunTime:0.0012s ]
NOTIC: [2] mkdir(): File exists D:\phpStudy\WWW\shangcheng\application\Admin\Controller\MenuController.class.php 第 247 行.

[ 2017-05-05T14:35:54+08:00 ] ::1 /shangcheng/index.php?g=Admin&m=Menu&a=edit&id=39&menuid=
NOTIC: D方法实例化没找到模型类Common\Model\AuthRuleModel

[ 2017-05-05T14:36:01+08:00 ] ::1 /shangcheng/index.php?g=Admin&m=menu&a=index
NOTIC: D方法实例化没找到模型类Common\Model\AuthRuleModel

[ 2017-05-05T14:36:05+08:00 ] ::1 /shangcheng/index.php?g=Admin&m=Menu&a=edit&id=1&menuid=
NOTIC: D方法实例化没找到模型类Common\Model\AuthRuleModel

[ 2017-05-05T14:36:08+08:00 ] ::1 /shangcheng/index.php?g=Admin&m=Menu&a=edit_post
INFO: [ app_begin ] --START--
INFO: Run Behavior\ReadHtmlCacheBehavior [ RunTime:0.000642s ]
INFO: Run Behavior\CheckLangBehavior [ RunTime:0.001767s ]
INFO: Run Common\Behavior\UrldecodeGetBehavior [ RunTime:0.000514s ]
INFO: [ app_begin ] --END-- [ RunTime:0.003937s ]
INFO: [ admin_begin ] --START--
INFO: Run Common\Behavior\AdminDefaultLangBehavior [ RunTime:0.002800s ]
INFO: [ admin_begin ] --END-- [ RunTime:0.002858s ]
SQL: SHOW COLUMNS FROM `shop_users` [ RunTime:0.0048s ]
SQL: SELECT * FROM `shop_users` WHERE `id` = '1' LIMIT 1   [ RunTime:0.0003s ]
SQL: SHOW COLUMNS FROM `shop_menu` [ RunTime:0.0047s ]
NOTIC: D方法实例化没找到模型类Common\Model\AuthRuleModel
SQL: SHOW COLUMNS FROM `shop_auth_rule` [ RunTime:0.0050s ]
SQL: SELECT * FROM `shop_menu` WHERE `id` = 1 LIMIT 1   [ RunTime:0.0003s ]
NOTIC: [8] Undefined index: validate D:\phpStudy\WWW\shangcheng\simplewind\Core\Library\Think\Model.class.php 第 1185 行.
SQL: SELECT `id` FROM `shop_menu` WHERE `app` = 'Admin' AND `model` = 'Content' AND `action` = 'default' LIMIT 1   [ RunTime:0.0002s ]
NOTIC: [8] Undefined index: auto D:\phpStudy\WWW\shangcheng\simplewind\Core\Library\Think\Model.class.php 第 1128 行.
SQL: UPDATE `shop_menu` SET `parentid`='0',`name`='内容管理',`app`='Admin',`model`='Content',`action`='default',`data`='',`icon`='th',`remark`='',`status`='0',`type`='0' WHERE `id` = 1 [ RunTime:0.0003s ]
SQL: SELECT COUNT(*) AS tp_count FROM `shop_auth_rule` WHERE `name` = 'admin/content/default' LIMIT 1   [ RunTime:0.0003s ]
SQL: UPDATE `shop_auth_rule` SET `name`='admin/content/default',`module`='Admin',`type`='admin_url',`title`='内容管理' WHERE `name` = 'admin/content/default' [ RunTime:0.0007s ]
SQL: SELECT * FROM `shop_menu` WHERE `app` = 'Admin' ORDER BY `listorder` ASC,`app` ASC,`model` ASC,`action` ASC  [ RunTime:0.0010s ]
NOTIC: [2] mkdir(): File exists D:\phpStudy\WWW\shangcheng\application\Admin\Controller\MenuController.class.php 第 247 行.

[ 2017-05-05T14:36:10+08:00 ] ::1 /shangcheng/index.php?g=Admin&m=Menu&a=edit&id=1&menuid=
NOTIC: D方法实例化没找到模型类Common\Model\AuthRuleModel

[ 2017-05-05T14:36:16+08:00 ] ::1 /shangcheng/index.php?g=Admin&m=menu&a=index
NOTIC: D方法实例化没找到模型类Common\Model\AuthRuleModel

[ 2017-05-05T14:36:21+08:00 ] ::1 /shangcheng/index.php?g=Admin&m=Menu&a=edit&id=132&menuid=
NOTIC: D方法实例化没找到模型类Common\Model\AuthRuleModel

[ 2017-05-05T14:36:25+08:00 ] ::1 /shangcheng/index.php?g=Admin&m=Menu&a=edit_post
INFO: [ app_begin ] --START--
INFO: Run Behavior\ReadHtmlCacheBehavior [ RunTime:0.000838s ]
INFO: Run Behavior\CheckLangBehavior [ RunTime:0.003308s ]
INFO: Run Common\Behavior\UrldecodeGetBehavior [ RunTime:0.000799s ]
INFO: [ app_begin ] --END-- [ RunTime:0.006100s ]
INFO: [ admin_begin ] --START--
INFO: Run Common\Behavior\AdminDefaultLangBehavior [ RunTime:0.002419s ]
INFO: [ admin_begin ] --END-- [ RunTime:0.002469s ]
SQL: SHOW COLUMNS FROM `shop_users` [ RunTime:0.0796s ]
SQL: SELECT * FROM `shop_users` WHERE `id` = '1' LIMIT 1   [ RunTime:0.0003s ]
SQL: SHOW COLUMNS FROM `shop_menu` [ RunTime:0.0319s ]
NOTIC: D方法实例化没找到模型类Common\Model\AuthRuleModel
SQL: SHOW COLUMNS FROM `shop_auth_rule` [ RunTime:0.0046s ]
SQL: SELECT * FROM `shop_menu` WHERE `id` = 132 LIMIT 1   [ RunTime:0.0003s ]
NOTIC: [8] Undefined index: validate D:\phpStudy\WWW\shangcheng\simplewind\Core\Library\Think\Model.class.php 第 1185 行.
SQL: SELECT `id` FROM `shop_menu` WHERE `app` = 'User' AND `model` = 'Indexadmin' AND `action` = 'default' LIMIT 1   [ RunTime:0.0002s ]
NOTIC: [8] Undefined index: auto D:\phpStudy\WWW\shangcheng\simplewind\Core\Library\Think\Model.class.php 第 1128 行.
SQL: UPDATE `shop_menu` SET `parentid`='0',`name`='用户管理',`app`='User',`model`='Indexadmin',`action`='default',`data`='',`icon`='group',`remark`='',`status`='0',`type`='1' WHERE `id` = 132 [ RunTime:0.0002s ]
SQL: SELECT COUNT(*) AS tp_count FROM `shop_auth_rule` WHERE `name` = 'user/indexadmin/default' LIMIT 1   [ RunTime:0.0002s ]
SQL: UPDATE `shop_auth_rule` SET `name`='user/indexadmin/default',`module`='User',`type`='admin_url',`title`='用户管理' WHERE `name` = 'user/indexadmin/default' [ RunTime:0.0012s ]
SQL: SELECT * FROM `shop_menu` WHERE `app` = 'User' ORDER BY `listorder` ASC,`app` ASC,`model` ASC,`action` ASC  [ RunTime:0.0004s ]

[ 2017-05-05T14:36:26+08:00 ] ::1 /shangcheng/index.php?g=Admin&m=Menu&a=edit&id=132&menuid=
NOTIC: D方法实例化没找到模型类Common\Model\AuthRuleModel

[ 2017-05-05T14:36:29+08:00 ] ::1 /shangcheng/index.php?g=Admin&m=menu&a=index
NOTIC: D方法实例化没找到模型类Common\Model\AuthRuleModel

[ 2017-05-05T14:36:41+08:00 ] ::1 /shangcheng/index.php?g=Admin&m=Menu&a=edit&id=115&menuid=
NOTIC: D方法实例化没找到模型类Common\Model\AuthRuleModel

[ 2017-05-05T14:36:45+08:00 ] ::1 /shangcheng/index.php?g=Admin&m=Menu&a=edit_post
INFO: [ app_begin ] --START--
INFO: Run Behavior\ReadHtmlCacheBehavior [ RunTime:0.000711s ]
INFO: Run Behavior\CheckLangBehavior [ RunTime:0.001881s ]
INFO: Run Common\Behavior\UrldecodeGetBehavior [ RunTime:0.000497s ]
INFO: [ app_begin ] --END-- [ RunTime:0.003831s ]
INFO: [ admin_begin ] --START--
INFO: Run Common\Behavior\AdminDefaultLangBehavior [ RunTime:0.003041s ]
INFO: [ admin_begin ] --END-- [ RunTime:0.003098s ]
SQL: SHOW COLUMNS FROM `shop_users` [ RunTime:0.0051s ]
SQL: SELECT * FROM `shop_users` WHERE `id` = '1' LIMIT 1   [ RunTime:0.0003s ]
SQL: SHOW COLUMNS FROM `shop_menu` [ RunTime:0.0049s ]
NOTIC: D方法实例化没找到模型类Common\Model\AuthRuleModel
SQL: SHOW COLUMNS FROM `shop_auth_rule` [ RunTime:0.0055s ]
SQL: SELECT * FROM `shop_menu` WHERE `id` = 115 LIMIT 1   [ RunTime:0.0003s ]
NOTIC: [8] Undefined index: validate D:\phpStudy\WWW\shangcheng\simplewind\Core\Library\Think\Model.class.php 第 1185 行.
SQL: SELECT `id` FROM `shop_menu` WHERE `app` = 'Admin' AND `model` = 'Setting' AND `action` = 'site' LIMIT 1   [ RunTime:0.0003s ]
NOTIC: [8] Undefined index: auto D:\phpStudy\WWW\shangcheng\simplewind\Core\Library\Think\Model.class.php 第 1128 行.
SQL: UPDATE `shop_menu` SET `parentid`='109',`name`='网站信息',`app`='Admin',`model`='Setting',`action`='site',`data`='',`icon`='',`remark`='',`status`='0',`type`='1' WHERE `id` = 115 [ RunTime:0.0003s ]
SQL: SELECT COUNT(*) AS tp_count FROM `shop_auth_rule` WHERE `name` = 'admin/setting/site' LIMIT 1   [ RunTime:0.0003s ]
SQL: UPDATE `shop_auth_rule` SET `name`='admin/setting/site',`module`='Admin',`type`='admin_url',`title`='网站信息' WHERE `name` = 'admin/setting/site' [ RunTime:0.0008s ]
SQL: SELECT * FROM `shop_menu` WHERE `app` = 'Admin' ORDER BY `listorder` ASC,`app` ASC,`model` ASC,`action` ASC  [ RunTime:0.0011s ]
NOTIC: [2] mkdir(): File exists D:\phpStudy\WWW\shangcheng\application\Admin\Controller\MenuController.class.php 第 247 行.

[ 2017-05-05T14:36:46+08:00 ] ::1 /shangcheng/index.php?g=Admin&m=Menu&a=edit&id=115&menuid=
NOTIC: D方法实例化没找到模型类Common\Model\AuthRuleModel

[ 2017-05-05T14:36:50+08:00 ] ::1 /shangcheng/index.php?g=Admin&m=menu&a=index
NOTIC: D方法实例化没找到模型类Common\Model\AuthRuleModel

[ 2017-05-05T14:37:00+08:00 ] ::1 /shangcheng/index.php?g=Admin&m=Menu&a=edit&id=126&menuid=
NOTIC: D方法实例化没找到模型类Common\Model\AuthRuleModel

[ 2017-05-05T14:37:10+08:00 ] ::1 /shangcheng/index.php?g=Admin&m=menu&a=index
NOTIC: D方法实例化没找到模型类Common\Model\AuthRuleModel

[ 2017-05-05T14:37:20+08:00 ] ::1 /shangcheng/index.php?g=Admin&m=Menu&a=edit&id=129&menuid=
NOTIC: D方法实例化没找到模型类Common\Model\AuthRuleModel

[ 2017-05-05T14:37:24+08:00 ] ::1 /shangcheng/index.php?g=Admin&m=Menu&a=edit_post
INFO: [ app_begin ] --START--
INFO: Run Behavior\ReadHtmlCacheBehavior [ RunTime:0.000619s ]
INFO: Run Behavior\CheckLangBehavior [ RunTime:0.001846s ]
INFO: Run Common\Behavior\UrldecodeGetBehavior [ RunTime:0.000537s ]
INFO: [ app_begin ] --END-- [ RunTime:0.003733s ]
INFO: [ admin_begin ] --START--
INFO: Run Common\Behavior\AdminDefaultLangBehavior [ RunTime:0.004019s ]
INFO: [ admin_begin ] --END-- [ RunTime:0.004070s ]
SQL: SHOW COLUMNS FROM `shop_users` [ RunTime:0.0052s ]
SQL: SELECT * FROM `shop_users` WHERE `id` = '1' LIMIT 1   [ RunTime:0.0004s ]
SQL: SHOW COLUMNS FROM `shop_menu` [ RunTime:0.0053s ]
NOTIC: D方法实例化没找到模型类Common\Model\AuthRuleModel
SQL: SHOW COLUMNS FROM `shop_auth_rule` [ RunTime:0.0050s ]
SQL: SELECT * FROM `shop_menu` WHERE `id` = 129 LIMIT 1   [ RunTime:0.0003s ]
NOTIC: [8] Undefined index: validate D:\phpStudy\WWW\shangcheng\simplewind\Core\Library\Think\Model.class.php 第 1185 行.
SQL: SELECT `id` FROM `shop_menu` WHERE `app` = 'Admin' AND `model` = 'Mailer' AND `action` = 'active' LIMIT 1   [ RunTime:0.0003s ]
NOTIC: [8] Undefined index: auto D:\phpStudy\WWW\shangcheng\simplewind\Core\Library\Think\Model.class.php 第 1128 行.
SQL: UPDATE `shop_menu` SET `parentid`='126',`name`='注册邮件模板',`app`='Admin',`model`='Mailer',`action`='active',`data`='',`icon`='',`remark`='',`status`='0',`type`='1' WHERE `id` = 129 [ RunTime:0.0003s ]
SQL: SELECT COUNT(*) AS tp_count FROM `shop_auth_rule` WHERE `name` = 'admin/mailer/active' LIMIT 1   [ RunTime:0.0003s ]
SQL: UPDATE `shop_auth_rule` SET `name`='admin/mailer/active',`module`='Admin',`type`='admin_url',`title`='注册邮件模板' WHERE `name` = 'admin/mailer/active' [ RunTime:0.0008s ]
SQL: SELECT * FROM `shop_menu` WHERE `app` = 'Admin' ORDER BY `listorder` ASC,`app` ASC,`model` ASC,`action` ASC  [ RunTime:0.0010s ]
NOTIC: [2] mkdir(): File exists D:\phpStudy\WWW\shangcheng\application\Admin\Controller\MenuController.class.php 第 247 行.

[ 2017-05-05T14:37:25+08:00 ] ::1 /shangcheng/index.php?g=Admin&m=Menu&a=edit&id=129&menuid=
NOTIC: D方法实例化没找到模型类Common\Model\AuthRuleModel

[ 2017-05-05T14:37:28+08:00 ] ::1 /shangcheng/index.php?g=Admin&m=menu&a=index
NOTIC: D方法实例化没找到模型类Common\Model\AuthRuleModel

[ 2017-05-05T14:37:34+08:00 ] ::1 /shangcheng/index.php?g=Admin&m=Menu&a=edit&id=156&menuid=
NOTIC: D方法实例化没找到模型类Common\Model\AuthRuleModel

[ 2017-05-05T14:37:37+08:00 ] ::1 /shangcheng/index.php?g=Admin&m=Menu&a=edit_post
INFO: [ app_begin ] --START--
INFO: Run Behavior\ReadHtmlCacheBehavior [ RunTime:0.000627s ]
INFO: Run Behavior\CheckLangBehavior [ RunTime:0.002793s ]
INFO: Run Common\Behavior\UrldecodeGetBehavior [ RunTime:0.000524s ]
INFO: [ app_begin ] --END-- [ RunTime:0.004604s ]
INFO: [ admin_begin ] --START--
INFO: Run Common\Behavior\AdminDefaultLangBehavior [ RunTime:0.002588s ]
INFO: [ admin_begin ] --END-- [ RunTime:0.002650s ]
SQL: SHOW COLUMNS FROM `shop_users` [ RunTime:0.0051s ]
SQL: SELECT * FROM `shop_users` WHERE `id` = '1' LIMIT 1   [ RunTime:0.0003s ]
SQL: SHOW COLUMNS FROM `shop_menu` [ RunTime:0.0050s ]
NOTIC: D方法实例化没找到模型类Common\Model\AuthRuleModel
SQL: SHOW COLUMNS FROM `shop_auth_rule` [ RunTime:0.0055s ]
SQL: SELECT * FROM `shop_menu` WHERE `id` = 156 LIMIT 1   [ RunTime:0.0003s ]
NOTIC: [8] Undefined index: validate D:\phpStudy\WWW\shangcheng\simplewind\Core\Library\Think\Model.class.php 第 1185 行.
SQL: SELECT `id` FROM `shop_menu` WHERE `app` = 'Admin' AND `model` = 'Storage' AND `action` = 'index' LIMIT 1   [ RunTime:0.0003s ]
NOTIC: [8] Undefined index: auto D:\phpStudy\WWW\shangcheng\simplewind\Core\Library\Think\Model.class.php 第 1128 行.
SQL: UPDATE `shop_menu` SET `parentid`='109',`name`='文件存储',`app`='Admin',`model`='Storage',`action`='index',`data`='',`icon`='',`remark`='',`status`='0',`type`='1' WHERE `id` = 156 [ RunTime:0.0003s ]
SQL: SELECT COUNT(*) AS tp_count FROM `shop_auth_rule` WHERE `name` = 'admin/storage/index' LIMIT 1   [ RunTime:0.0003s ]
SQL: UPDATE `shop_auth_rule` SET `name`='admin/storage/index',`module`='Admin',`type`='admin_url',`title`='文件存储' WHERE `name` = 'admin/storage/index' [ RunTime:0.0008s ]
SQL: SELECT * FROM `shop_menu` WHERE `app` = 'Admin' ORDER BY `listorder` ASC,`app` ASC,`model` ASC,`action` ASC  [ RunTime:0.0010s ]
NOTIC: [2] mkdir(): File exists D:\phpStudy\WWW\shangcheng\application\Admin\Controller\MenuController.class.php 第 247 行.

[ 2017-05-05T14:37:38+08:00 ] ::1 /shangcheng/index.php?g=Admin&m=Menu&a=edit&id=156&menuid=
NOTIC: D方法实例化没找到模型类Common\Model\AuthRuleModel

[ 2017-05-05T14:37:43+08:00 ] ::1 /shangcheng/index.php?g=Admin&m=menu&a=index
NOTIC: D方法实例化没找到模型类Common\Model\AuthRuleModel

[ 2017-05-05T14:37:56+08:00 ] ::1 /shangcheng/index.php?g=Admin&m=Menu&a=edit&id=167&menuid=
NOTIC: D方法实例化没找到模型类Common\Model\AuthRuleModel

[ 2017-05-05T14:38:01+08:00 ] ::1 /shangcheng/index.php?g=Admin&m=Menu&a=edit_post
INFO: [ app_begin ] --START--
INFO: Run Behavior\ReadHtmlCacheBehavior [ RunTime:0.002727s ]
INFO: Run Behavior\CheckLangBehavior [ RunTime:0.002372s ]
INFO: Run Common\Behavior\UrldecodeGetBehavior [ RunTime:0.000511s ]
INFO: [ app_begin ] --END-- [ RunTime:0.006288s ]
INFO: [ admin_begin ] --START--
INFO: Run Common\Behavior\AdminDefaultLangBehavior [ RunTime:0.002227s ]
INFO: [ admin_begin ] --END-- [ RunTime:0.002267s ]
SQL: SHOW COLUMNS FROM `shop_users` [ RunTime:0.0053s ]
SQL: SELECT * FROM `shop_users` WHERE `id` = '1' LIMIT 1   [ RunTime:0.0003s ]
SQL: SHOW COLUMNS FROM `shop_menu` [ RunTime:0.0062s ]
NOTIC: D方法实例化没找到模型类Common\Model\AuthRuleModel
SQL: SHOW COLUMNS FROM `shop_auth_rule` [ RunTime:0.0056s ]
SQL: SELECT * FROM `shop_menu` WHERE `id` = 167 LIMIT 1   [ RunTime:0.0003s ]
NOTIC: [8] Undefined index: validate D:\phpStudy\WWW\shangcheng\simplewind\Core\Library\Think\Model.class.php 第 1185 行.
SQL: SELECT `id` FROM `shop_menu` WHERE `app` = 'Admin' AND `model` = 'Setting' AND `action` = 'upload' LIMIT 1   [ RunTime:0.0003s ]
NOTIC: [8] Undefined index: auto D:\phpStudy\WWW\shangcheng\simplewind\Core\Library\Think\Model.class.php 第 1128 行.
SQL: UPDATE `shop_menu` SET `parentid`='109',`name`='上传设置',`app`='Admin',`model`='Setting',`action`='upload',`data`='',`icon`='',`remark`='',`status`='0',`type`='1' WHERE `id` = 167 [ RunTime:0.0003s ]
SQL: SELECT COUNT(*) AS tp_count FROM `shop_auth_rule` WHERE `name` = 'admin/setting/upload' LIMIT 1   [ RunTime:0.0003s ]
SQL: UPDATE `shop_auth_rule` SET `name`='admin/setting/upload',`module`='Admin',`type`='admin_url',`title`='上传设置' WHERE `name` = 'admin/setting/upload' [ RunTime:0.0008s ]
SQL: SELECT * FROM `shop_menu` WHERE `app` = 'Admin' ORDER BY `listorder` ASC,`app` ASC,`model` ASC,`action` ASC  [ RunTime:0.0011s ]
NOTIC: [2] mkdir(): File exists D:\phpStudy\WWW\shangcheng\application\Admin\Controller\MenuController.class.php 第 247 行.

[ 2017-05-05T14:38:02+08:00 ] ::1 /shangcheng/index.php?g=Admin&m=Menu&a=edit&id=167&menuid=
NOTIC: D方法实例化没找到模型类Common\Model\AuthRuleModel

[ 2017-05-05T14:38:31+08:00 ] ::1 /shangcheng/index.php?g=Admin&m=Menu&a=index
NOTIC: D方法实例化没找到模型类Common\Model\AuthRuleModel

[ 2017-05-05T14:38:40+08:00 ] ::1 /shangcheng/index.php?g=Admin&m=Menu&a=edit&id=1&menuid=
NOTIC: D方法实例化没找到模型类Common\Model\AuthRuleModel

[ 2017-05-05T14:38:47+08:00 ] ::1 /shangcheng/index.php?g=Admin&m=Menu&a=edit_post
INFO: [ app_begin ] --START--
INFO: Run Behavior\ReadHtmlCacheBehavior [ RunTime:0.000645s ]
INFO: Run Behavior\CheckLangBehavior [ RunTime:0.001960s ]
INFO: Run Common\Behavior\UrldecodeGetBehavior [ RunTime:0.000545s ]
INFO: [ app_begin ] --END-- [ RunTime:0.003907s ]
INFO: [ admin_begin ] --START--
INFO: Run Common\Behavior\AdminDefaultLangBehavior [ RunTime:0.002183s ]
INFO: [ admin_begin ] --END-- [ RunTime:0.002227s ]
SQL: SHOW COLUMNS FROM `shop_users` [ RunTime:0.0053s ]
SQL: SELECT * FROM `shop_users` WHERE `id` = '1' LIMIT 1   [ RunTime:0.0003s ]
SQL: SHOW COLUMNS FROM `shop_menu` [ RunTime:0.0054s ]
NOTIC: D方法实例化没找到模型类Common\Model\AuthRuleModel
SQL: SHOW COLUMNS FROM `shop_auth_rule` [ RunTime:0.0051s ]
SQL: SELECT * FROM `shop_menu` WHERE `id` = 1 LIMIT 1   [ RunTime:0.0003s ]
NOTIC: [8] Undefined index: validate D:\phpStudy\WWW\shangcheng\simplewind\Core\Library\Think\Model.class.php 第 1185 行.
SQL: SELECT `id` FROM `shop_menu` WHERE `app` = 'Admin' AND `model` = 'Content' AND `action` = 'default' LIMIT 1   [ RunTime:0.0003s ]
NOTIC: [8] Undefined index: auto D:\phpStudy\WWW\shangcheng\simplewind\Core\Library\Think\Model.class.php 第 1128 行.
SQL: UPDATE `shop_menu` SET `parentid`='0',`name`='内容管理',`app`='Admin',`model`='Content',`action`='default',`data`='',`icon`='th',`remark`='',`status`='0',`type`='0' WHERE `id` = 1 [ RunTime:0.0003s ]
SQL: SELECT COUNT(*) AS tp_count FROM `shop_auth_rule` WHERE `name` = 'admin/content/default' LIMIT 1   [ RunTime:0.0003s ]
SQL: UPDATE `shop_auth_rule` SET `name`='admin/content/default',`module`='Admin',`type`='admin_url',`title`='内容管理' WHERE `name` = 'admin/content/default' [ RunTime:0.0008s ]
SQL: SELECT * FROM `shop_menu` WHERE `app` = 'Admin' ORDER BY `listorder` ASC,`app` ASC,`model` ASC,`action` ASC  [ RunTime:0.0011s ]
NOTIC: [2] mkdir(): File exists D:\phpStudy\WWW\shangcheng\application\Admin\Controller\MenuController.class.php 第 247 行.

[ 2017-05-05T14:38:48+08:00 ] ::1 /shangcheng/index.php?g=Admin&m=Menu&a=edit&id=1&menuid=
NOTIC: D方法实例化没找到模型类Common\Model\AuthRuleModel

[ 2017-05-05T14:38:52+08:00 ] ::1 /shangcheng/index.php?g=Admin&m=menu&a=index
NOTIC: D方法实例化没找到模型类Common\Model\AuthRuleModel

[ 2017-05-05T14:38:55+08:00 ] ::1 /shangcheng/index.php?g=Admin&m=Menu&a=edit&id=85&menuid=
NOTIC: D方法实例化没找到模型类Common\Model\AuthRuleModel

[ 2017-05-05T14:38:59+08:00 ] ::1 /shangcheng/index.php?g=Admin&m=Menu&a=edit_post
INFO: [ app_begin ] --START--
INFO: Run Behavior\ReadHtmlCacheBehavior [ RunTime:0.000644s ]
INFO: Run Behavior\CheckLangBehavior [ RunTime:0.001841s ]
INFO: Run Common\Behavior\UrldecodeGetBehavior [ RunTime:0.000501s ]
INFO: [ app_begin ] --END-- [ RunTime:0.004077s ]
INFO: [ admin_begin ] --START--
INFO: Run Common\Behavior\AdminDefaultLangBehavior [ RunTime:0.002676s ]
INFO: [ admin_begin ] --END-- [ RunTime:0.002749s ]
SQL: SHOW COLUMNS FROM `shop_users` [ RunTime:0.0602s ]
SQL: SELECT * FROM `shop_users` WHERE `id` = '1' LIMIT 1   [ RunTime:0.0004s ]
SQL: SHOW COLUMNS FROM `shop_menu` [ RunTime:0.0051s ]
NOTIC: D方法实例化没找到模型类Common\Model\AuthRuleModel
SQL: SHOW COLUMNS FROM `shop_auth_rule` [ RunTime:0.0048s ]
SQL: SELECT * FROM `shop_menu` WHERE `id` = 85 LIMIT 1   [ RunTime:0.0003s ]
NOTIC: [8] Undefined index: validate D:\phpStudy\WWW\shangcheng\simplewind\Core\Library\Think\Model.class.php 第 1185 行.
SQL: SELECT `id` FROM `shop_menu` WHERE `app` = 'Admin' AND `model` = 'Menu' AND `action` = 'default' LIMIT 1   [ RunTime:0.0003s ]
NOTIC: [8] Undefined index: auto D:\phpStudy\WWW\shangcheng\simplewind\Core\Library\Think\Model.class.php 第 1128 行.
SQL: UPDATE `shop_menu` SET `parentid`='0',`name`='菜单管理',`app`='Admin',`model`='Menu',`action`='default',`data`='',`icon`='list',`remark`='',`status`='0',`type`='1' WHERE `id` = 85 [ RunTime:0.0003s ]
SQL: SELECT COUNT(*) AS tp_count FROM `shop_auth_rule` WHERE `name` = 'admin/menu/default' LIMIT 1   [ RunTime:0.0003s ]
SQL: UPDATE `shop_auth_rule` SET `name`='admin/menu/default',`module`='Admin',`type`='admin_url',`title`='菜单管理' WHERE `name` = 'admin/menu/default' [ RunTime:0.0008s ]
SQL: SELECT * FROM `shop_menu` WHERE `app` = 'Admin' ORDER BY `listorder` ASC,`app` ASC,`model` ASC,`action` ASC  [ RunTime:0.0014s ]
NOTIC: [2] mkdir(): File exists D:\phpStudy\WWW\shangcheng\application\Admin\Controller\MenuController.class.php 第 247 行.

[ 2017-05-05T14:39:00+08:00 ] ::1 /shangcheng/index.php?g=Admin&m=Menu&a=edit&id=85&menuid=
NOTIC: D方法实例化没找到模型类Common\Model\AuthRuleModel

